********************************************************************************
product = Open Liberty 25.0.0.3 (wlp-1.0.99.cl250320250310-1902)
wlp.install.dir = E:/2025/jakartaee-open-liberty/target/liberty/wlp/
java.home = C:\Program Files\Java\jdk-21
java.version = 21.0.5
java.runtime = Java(TM) SE Runtime Environment (21.0.5+9-LTS-239)
os = Windows 10 (10.0; amd64) (es_BO)
process = 4392@DESKTOP-GINSRT1
Classpath = E:\2025\jakartaee-open-liberty\target\liberty\wlp\bin\tools\ws-server.jar
Java Library path = C:\Program Files\Java\jdk-21\bin;C:\Windows\Sun\Java\bin;C:\Windows\system32;C:\Windows;C:\Program Files\Common Files\Oracle\Java\javapath;C:\Windows\system32;C:\Windows;C:\Windows\System32\Wbem;C:\Windows\System32\WindowsPowerShell\v1.0\;C:\Windows\System32\OpenSSH\;C:\Program Files (x86)\ATI Technologies\ATI.ACE\Core-Static;C:\Program Files\Git\cmd;C:\Program Files\Java\jdk-21\bin;C:\Program Files\PostgreSQL\16\bin;C:\Users\IE-pc3\AppData\Local\Microsoft\WindowsApps;C:\Users\IE-pc3\AppData\Local\spicetify;C:\Program Files\JetBrains\IntelliJ IDEA Community Edition 2023.3.5\bin;;C:\Program Files\heroku\bin;C:\Program Files\JetBrains\IntelliJ IDEA 2024.3.3\bin;;C:\Program Files\Java\jdk-21\bin;C:\Program Files\Git\cmd\git.exe;;.
********************************************************************************
[25/3/25, 19:09:40:618 VET] 00000001 com.ibm.ws.kernel.launch.internal.FrameworkManager           A CWWKE0001I: El servidor defaultServer se ha lanzado.
[25/3/25, 19:09:44:966 VET] 00000001 com.ibm.ws.kernel.launch.internal.FrameworkManager           I CWWKE0002I: El kernel se ha iniciado después de 4,802 segundos
[25/3/25, 19:09:45:071 VET] 0000002f com.ibm.ws.kernel.feature.internal.FeatureManager            I CWWKF0007I: La actualización de características se ha iniciado.
[25/3/25, 19:09:49:221 VET] 00000022 com.ibm.ws.security.ready.internal.SecurityReadyServiceImpl  I CWWKS0007I: El servicio de seguridad se está iniciando...
[25/3/25, 19:09:49:929 VET] 00000025 com.ibm.ws.app.manager.internal.monitor.DropinMonitor        A CWWKZ0058I: Supervisando aplicaciones de dropins.
[25/3/25, 19:09:51:806 VET] 00000026 com.ibm.ws.cache.ServerCache                                 I DYNA1001I: La instancia de memoria caché dinámica de WebSphere con nombre baseCache se ha inicializado correctamente.
[25/3/25, 19:09:52:074 VET] 00000026 com.ibm.ws.cache.ServerCache                                 I DYNA1071I: Se está utilizando el proveedor de memoria caché default.
[25/3/25, 19:09:52:076 VET] 00000026 com.ibm.ws.cache.CacheServiceImpl                            I DYNA1056I: La memoria caché dinámica (memoria caché de objeto) se ha inicializado correctamente.
[25/3/25, 19:09:54:552 VET] 00000026 org.jboss.weld.Version                                       I WELD-000900: 5.1.1 (SP2)
[25/3/25, 19:09:55:090 VET] 0000002b com.ibm.ws.ssl.config.WSKeyStore                             I CWPKI0802I: Creando el certificado SSL. Esto puede tardar unos segundos.
[25/3/25, 19:09:55:190 VET] 00000033 com.ibm.ws.security.token.ltpa.LTPAKeyInfoManager            I CWWKS4103I: Creando las claves LTPA. Esto puede tardar unos segundos.
[25/3/25, 19:09:56:014 VET] 00000022 ibm.ws.security.authentication.internal.jaas.JAASServiceImpl I CWWKS1123I: Se ha activado el plugin de autenticación colectivo con el nombre de clase NullCollectiveAuthenticationPlugin. 
[25/3/25, 19:09:56:337 VET] 00000033 com.ibm.ws.security.token.ltpa.LTPAKeyInfoManager            A CWWKS4104A: Las claves LTPA se han creado en 1,146 segundos. Archivo de claves LTPA: E:/2025/jakartaee-open-liberty/target/liberty/wlp/usr/servers/defaultServer/resources/security/ltpa.keys
[25/3/25, 19:09:56:401 VET] 00000033 com.ibm.ws.security.ready.internal.SecurityReadyServiceImpl  I CWWKS0008I: El servicio de seguridad está listo.
[25/3/25, 19:09:56:402 VET] 00000033 com.ibm.ws.security.token.ltpa.internal.LTPAKeyCreateTask    I CWWKS4105I: La configuración de LTPA estará lista después de 1,228 segundos.
[25/3/25, 19:09:56:923 VET] 00000022 com.ibm.ws.security.jaspi.AuthConfigFactoryWrapper           I CWWKS1655I: Se está utilizando la clase AuthConfigFactory com.ibm.ws.security.jaspi.ProviderRegistry de JASPIC (Java Authentication SPI for Containers) predeterminada porque la propiedad de seguridad Java authconfigprovider.factory no está establecida. 
[25/3/25, 19:09:57:766 VET] 00000034 com.ibm.ws.app.manager.AppMessageHelper                      I CWWKZ0018I: Iniciando la aplicación jakartaee-open-liberty.
[25/3/25, 19:09:57:769 VET] 00000034 bm.ws.app.manager.war.internal.WARDeployedAppInfoFactoryImpl I CWWKZ0134I: La aplicación jakartaee-open-liberty está utilizando la definición de aplicación dinámica en la ubicación E:\2025\jakartaee-open-liberty\target\liberty\wlp\usr\servers\defaultServer\apps\jakartaee-open-liberty.war.xml.
[25/3/25, 19:10:00:398 VET] 0000002b com.ibm.ws.ssl.config.WSKeyStore                             A CWPKI0803A: El certificado SSL se ha creado en 5,307 segundos. Archivo de claves SSL: E:/2025/jakartaee-open-liberty/target/liberty/wlp/usr/servers/defaultServer/resources/security/key.p12
[25/3/25, 19:10:00:399 VET] 0000002b com.ibm.ws.ssl.config.WSKeyStore                             I Successfully loaded default keystore: E:/2025/jakartaee-open-liberty/target/liberty/wlp/usr/servers/defaultServer/resources/security/key.p12 of type: PKCS12
[25/3/25, 19:10:04:252 VET] 00000034 org.jboss.weld.Event                                         I WELD-000411: Observer method [BackedAnnotatedMethod] org.apache.myfaces.config.annotation.CdiAnnotationProviderExtension.processAnnotatedType(@Observes ProcessAnnotatedType<T>) receives events for all annotated types. Consider restricting events using @WithAnnotations or a generic type with bounds.
[25/3/25, 19:10:04:515 VET] 00000034 org.hibernate.validator.internal.util.Version                I HV000001: Hibernate Validator 7.0.4.Final
[25/3/25, 19:10:06:679 VET] 00000034 com.ibm.ws.session.WASSessionCore                            I SESN8501I: El gestor de sesiones no ha encontrado una ubicación de almacenamiento persistente; los objetos HttpSession se almacenarán en la memoria del servidor de aplicaciones local.
[25/3/25, 19:10:06:702 VET] 00000034 com.ibm.ws.webcontainer.osgi.webapp.WebGroup                 I SRVE0169I: Cargando módulo web: jakartaee-open-liberty.
[25/3/25, 19:10:06:709 VET] 00000034 com.ibm.ws.webcontainer                                      I SRVE0250I: El módulo web jakartaee-open-liberty se ha enlazado con default_host.
[25/3/25, 19:10:06:712 VET] 00000034 com.ibm.ws.http.internal.VirtualHostImpl                     A CWWKT0016I: Aplicación web disponible (default_host): http://desktop-ginsrt1:9080/
[25/3/25, 19:10:06:803 VET] 00000033 com.ibm.ws.session.WASSessionCore                            I SESN0176I: Se creará un nuevo contexto de sesión para la clave de aplicación default_host/
[25/3/25, 19:10:06:815 VET] 00000033 com.ibm.ws.util                                              I SESN0172I: El gestor de sesiones está utilizando la implementación de SecureRandom Java por omisión para la generación del ID de sesión.
[25/3/25, 19:10:07:030 VET] 00000033 com.ibm.ws.cache.CacheServiceImpl                            I DYNA1056I: La memoria caché dinámica (memoria caché de objeto) se ha inicializado correctamente.
[25/3/25, 19:10:07:057 VET] 00000033 org.apache.myfaces.webapp.MyFacesContainerInitializer        I Using io.openliberty.faces40.internal.ee.WASMyFacesContainerInitializer
[25/3/25, 19:10:07:341 VET] 00000033 com.ibm.ws.app.manager.AppMessageHelper                      A CWWKZ0001I: La aplicación jakartaee-open-liberty se ha iniciado en 9,574 segundos.
[25/3/25, 19:10:07:383 VET] 00000034 com.ibm.ws.webcontainer.osgi.mbeans.PluginGenerator          I SRVE9103I: Se ha generado automáticamente un archivo de configuración para un plug-in de servidor web para este servidor en E:\2025\jakartaee-open-liberty\target\liberty\wlp\usr\servers\defaultServer\logs\state\plugin-cfg.xml.
[25/3/25, 19:10:07:451 VET] 0000002f com.ibm.ws.tcpchannel.internal.TCPPort                       I CWWKO0219I: El canal TCP defaultHttpEndpoint se ha iniciado y ahora está a la escucha de solicitudes en el host *  (IPv6) puerto 9080.
[25/3/25, 19:10:07:456 VET] 0000002f com.ibm.ws.tcpchannel.internal.TCPPort                       I CWWKO0219I: El canal TCP defaultHttpEndpoint-ssl se ha iniciado y ahora está a la escucha de solicitudes en el host *  (IPv6) puerto 9443.
[25/3/25, 19:10:07:609 VET] 0000002f com.ibm.ws.kernel.feature.internal.FeatureManager            A CWWKF0012I: El servidor ha instalado las características siguientes: [appAuthentication-3.0, appSecurity-5.0, beanValidation-3.0, cdi-4.0, concurrent-3.0, distributedMap-1.0, enterpriseBeansLite-4.0, expressionLanguage-5.0, faces-4.0, jdbc-4.2, jndi-1.0, jsonb-3.0, jsonp-2.1, managedBeans-2.0, pages-3.1, persistence-3.1, persistenceContainer-3.1, restfulWS-3.1, restfulWSClient-3.1, servlet-6.0, ssl-1.0, transportSecurity-1.0, webProfile-10.0, websocket-2.1].
[25/3/25, 19:10:07:636 VET] 0000002f com.ibm.ws.kernel.feature.internal.FeatureManager            I CWWKF0008I: La actualización de características se ha completado en 22,689 segundos.
[25/3/25, 19:10:07:637 VET] 0000002f com.ibm.ws.kernel.feature.internal.FeatureManager            A CWWKF0011I: El servidor defaultServer está preparado para ejecutar un planeta más inteligente. El servidor defaultServer se ha iniciado en 27,474 segundos.
[25/3/25, 19:10:08:194 VET] 00000033 org.jboss.resteasy.resteasy_jaxrs.i18n                       I RESTEASY002225: Deploying jakarta.ws.rs.core.Application: class com.indira.jakarta.hello.HelloApplication$Proxy$_$$_WeldClientProxy
[25/3/25, 19:10:08:383 VET] 00000033 com.ibm.ws.webcontainer.servlet                              I SRVE0242I: [jakartaee-open-liberty] [/] [com.indira.jakarta.hello.HelloApplication]: Inicialización satisfactoria.
[25/3/25, 19:10:46:275 VET] 0000002f com.ibm.ws.webcontainer.servlet                              I SRVE0242I: [jakartaee-open-liberty] [/] [/Conexion.jsp]: Inicialización satisfactoria.
[25/3/25, 19:10:51:312 VET] 00000030 com.ibm.ws.webcontainer.extension                            W SRVE0190E: Archivo no encontrado: /Eliminar
[25/3/25, 19:11:40:954 VET] 00000033 com.ibm.ws.webcontainer.servlet                              I SRVE0253I: [jakartaee-open-liberty] [/] [/Conexion.jsp]: Destrucción satisfactoria.
[25/3/25, 19:11:40:961 VET] 00000033 com.ibm.ws.webcontainer.servlet                              I SRVE0242I: [jakartaee-open-liberty] [/] [/Conexion.jsp]: Inicialización satisfactoria.
[25/3/25, 19:11:43:465 VET] 00000033 com.ibm.ws.webcontainer.servlet                              I SRVE0242I: [jakartaee-open-liberty] [/] [com.indira.jakarta.controller.EliminarEstudianteServlet]: Inicialización satisfactoria.
